2026-07-22 13:50:23,513 [INFO] prod_sys:20: 数据库已连接: C:\Users\Administrator\Documents\Recording\data.db
2026-07-22 13:55:12,683 [INFO] prod_sys:20: 数据库已连接: C:\Users\Administrator\Documents\Recording\data.db
2026-07-22 13:55:12,684 [INFO] prod_sys:102: 数据库初始化完成
2026-07-22 13:57:52,744 [INFO] prod_sys:20: 数据库已连接: C:\Users\Administrator\Documents\Recording\data.db
2026-07-22 13:57:52,745 [INFO] prod_sys:102: 数据库初始化完成
2026-07-22 13:58:55,176 [INFO] prod_sys:20: 数据库已连接: C:\Users\Administrator\Documents\Recording\data.db
2026-07-22 13:58:55,197 [INFO] prod_sys:18: 用户 admin 登录成功
2026-07-22 13:58:55,219 [WARNING] prod_sys:16: 登录失败：用户 admin 密码错误
2026-07-22 14:04:09,362 [INFO] prod_sys:20: 数据库已连接: C:\Users\Administrator\Documents\Recording\data.db
2026-07-22 14:04:09,362 [INFO] prod_sys:102: 数据库初始化完成
2026-07-22 14:04:45,991 [INFO] prod_sys:20: 数据库已连接: C:\Users\Administrator\Documents\Recording\data.db
2026-07-22 14:04:45,991 [INFO] prod_sys:102: 数据库初始化完成
2026-07-22 14:10:41,472 [INFO] prod_sys:20: 数据库已连接: C:\Users\Administrator\Documents\Recording\data.db
2026-07-22 14:10:41,472 [INFO] prod_sys:102: 数据库初始化完成
2026-07-22 14:11:55,637 [INFO] prod_sys:20: 数据库已连接: C:\Users\Administrator\Documents\Recording\data.db
2026-07-22 14:11:55,638 [INFO] prod_sys:102: 数据库初始化完成
2026-07-22 14:18:13,777 [INFO] prod_sys:20: 数据库已连接: C:\Users\Administrator\Documents\Recording\data.db
2026-07-22 14:18:13,777 [INFO] prod_sys:102: 数据库初始化完成
2026-07-22 14:20:24,563 [INFO] prod_sys:20: 数据库已连接: C:\Users\Administrator\Documents\Recording\data.db
2026-07-22 14:20:24,564 [INFO] prod_sys:102: 数据库初始化完成
2026-07-22 14:25:31,040 [INFO] prod_sys:20: 数据库已连接: C:\Users\Administrator\Documents\Recording\data.db
2026-07-22 14:25:31,040 [INFO] prod_sys:102: 数据库初始化完成
2026-07-22 14:25:31,041 [INFO] prod_sys:28: 数据库已关闭
2026-07-22 14:27:04,527 [INFO] prod_sys:20: 数据库已连接: C:\Users\Administrator\Documents\Recording\data.db
2026-07-22 14:27:04,527 [INFO] prod_sys:102: 数据库初始化完成
2026-07-22 14:27:04,544 [INFO] prod_sys:18: 用户 admin 登录成功
2026-07-22 14:27:04,546 [INFO] prod_sys:28: 数据库已关闭
2026-07-22 14:27:04,548 [INFO] prod_sys:20: 数据库已连接: C:\Users\Administrator\Documents\Recording\data.db
2026-07-22 14:27:04,548 [INFO] prod_sys:102: 数据库初始化完成
2026-07-22 14:27:04,566 [WARNING] prod_sys:16: 登录失败：用户 admin 密码错误
2026-07-22 14:27:04,567 [INFO] prod_sys:28: 数据库已关闭
2026-07-22 14:27:04,569 [INFO] prod_sys:20: 数据库已连接: C:\Users\Administrator\Documents\Recording\data.db
2026-07-22 14:27:04,570 [INFO] prod_sys:102: 数据库初始化完成
2026-07-22 14:27:04,570 [WARNING] prod_sys:13: 登录失败：用户 nonexistent 不存在
2026-07-22 14:27:04,571 [INFO] prod_sys:28: 数据库已关闭
2026-07-22 14:27:04,572 [INFO] prod_sys:20: 数据库已连接: C:\Users\Administrator\Documents\Recording\data.db
2026-07-22 14:27:04,573 [INFO] prod_sys:102: 数据库初始化完成
2026-07-22 14:27:04,573 [WARNING] prod_sys:13: 登录失败：用户  不存在
2026-07-22 14:27:04,574 [INFO] prod_sys:28: 数据库已关闭
2026-07-22 14:27:04,576 [INFO] prod_sys:20: 数据库已连接: C:\Users\Administrator\Documents\Recording\data.db
2026-07-22 14:27:04,576 [INFO] prod_sys:102: 数据库初始化完成
2026-07-22 14:27:04,594 [WARNING] prod_sys:16: 登录失败：用户 admin 密码错误
2026-07-22 14:27:04,595 [INFO] prod_sys:28: 数据库已关闭
2026-07-22 14:27:04,597 [INFO] prod_sys:20: 数据库已连接: C:\Users\Administrator\Documents\Recording\data.db
2026-07-22 14:27:04,597 [INFO] prod_sys:102: 数据库初始化完成
2026-07-22 14:27:04,635 [INFO] prod_sys:51: 用户 admin 密码已修改
2026-07-22 14:27:04,635 [INFO] prod_sys:32: 用户 admin 密码已修改
2026-07-22 14:27:04,651 [INFO] prod_sys:18: 用户 admin 登录成功
2026-07-22 14:27:04,668 [WARNING] prod_sys:16: 登录失败：用户 admin 密码错误
2026-07-22 14:27:04,703 [INFO] prod_sys:51: 用户 admin 密码已修改
2026-07-22 14:27:04,703 [INFO] prod_sys:32: 用户 admin 密码已修改
2026-07-22 14:27:04,707 [INFO] prod_sys:28: 数据库已关闭
2026-07-22 14:27:04,710 [INFO] prod_sys:20: 数据库已连接: C:\Users\Administrator\Documents\Recording\data.db
2026-07-22 14:27:04,710 [INFO] prod_sys:102: 数据库初始化完成
2026-07-22 14:27:04,728 [INFO] prod_sys:28: 数据库已关闭
2026-07-22 14:27:04,731 [INFO] prod_sys:20: 数据库已连接: C:\Users\Administrator\Documents\Recording\data.db
2026-07-22 14:27:04,731 [INFO] prod_sys:102: 数据库初始化完成
2026-07-22 14:27:04,749 [INFO] prod_sys:28: 数据库已关闭
2026-07-22 14:27:04,751 [INFO] prod_sys:20: 数据库已连接: C:\Users\Administrator\Documents\Recording\data.db
2026-07-22 14:27:04,752 [INFO] prod_sys:102: 数据库初始化完成
2026-07-22 14:27:04,753 [INFO] prod_sys:28: 数据库已关闭
2026-07-22 14:27:04,755 [INFO] prod_sys:20: 数据库已连接: C:\Users\Administrator\Documents\Recording\data.db
2026-07-22 14:27:04,755 [INFO] prod_sys:102: 数据库初始化完成
2026-07-22 14:27:04,756 [INFO] prod_sys:28: 数据库已关闭
2026-07-22 14:27:04,758 [INFO] prod_sys:20: 数据库已连接: C:\Users\Administrator\Documents\Recording\data.db
2026-07-22 14:27:04,758 [INFO] prod_sys:102: 数据库初始化完成
2026-07-22 14:27:04,775 [INFO] prod_sys:18: 用户 admin 登录成功
2026-07-22 14:27:04,777 [INFO] prod_sys:28: 数据库已关闭
2026-07-22 14:27:04,779 [INFO] prod_sys:20: 数据库已连接: C:\Users\Administrator\Documents\Recording\data.db
2026-07-22 14:27:04,779 [INFO] prod_sys:102: 数据库初始化完成
2026-07-22 14:27:04,780 [INFO] prod_sys:28: 数据库已关闭
2026-07-22 14:27:08,300 [INFO] prod_sys:20: 数据库已连接: C:\Users\Administrator\Documents\Recording\data.db
2026-07-22 14:27:08,300 [INFO] prod_sys:102: 数据库初始化完成
2026-07-22 14:27:08,301 [INFO] prod_sys:28: 数据库已关闭
2026-07-22 14:27:08,303 [INFO] prod_sys:20: 数据库已连接: C:\Users\Administrator\Documents\Recording\data.db
2026-07-22 14:27:08,303 [INFO] prod_sys:102: 数据库初始化完成
2026-07-22 14:27:08,305 [INFO] prod_sys:28: 数据库已关闭
2026-07-22 14:27:08,307 [INFO] prod_sys:20: 数据库已连接: C:\Users\Administrator\Documents\Recording\data.db
2026-07-22 14:27:08,307 [INFO] prod_sys:102: 数据库初始化完成
2026-07-22 14:27:08,308 [INFO] prod_sys:28: 数据库已关闭
2026-07-22 14:27:08,311 [INFO] prod_sys:20: 数据库已连接: C:\Users\Administrator\Documents\Recording\data.db
2026-07-22 14:27:08,311 [INFO] prod_sys:102: 数据库初始化完成
2026-07-22 14:27:08,313 [INFO] prod_sys:28: 数据库已关闭
2026-07-22 14:27:08,315 [INFO] prod_sys:20: 数据库已连接: C:\Users\Administrator\Documents\Recording\data.db
2026-07-22 14:27:08,315 [INFO] prod_sys:102: 数据库初始化完成
2026-07-22 14:27:08,316 [INFO] prod_sys:28: 数据库已关闭
2026-07-22 14:27:08,318 [INFO] prod_sys:20: 数据库已连接: C:\Users\Administrator\Documents\Recording\data.db
2026-07-22 14:27:08,318 [INFO] prod_sys:102: 数据库初始化完成
2026-07-22 14:27:08,319 [INFO] prod_sys:28: 数据库已关闭
2026-07-22 14:27:08,321 [INFO] prod_sys:20: 数据库已连接: C:\Users\Administrator\Documents\Recording\data.db
2026-07-22 14:27:08,322 [INFO] prod_sys:102: 数据库初始化完成
2026-07-22 14:27:08,323 [INFO] prod_sys:28: 数据库已关闭
2026-07-22 14:27:45,039 [INFO] prod_sys:20: 数据库已连接: C:\Users\Administrator\Documents\Recording\data.db
2026-07-22 14:27:45,039 [INFO] prod_sys:102: 数据库初始化完成
2026-07-22 14:27:45,057 [INFO] prod_sys:18: 用户 admin 登录成功
2026-07-22 14:27:45,058 [INFO] prod_sys:28: 数据库已关闭
2026-07-22 14:27:45,061 [INFO] prod_sys:20: 数据库已连接: C:\Users\Administrator\Documents\Recording\data.db
2026-07-22 14:27:45,061 [INFO] prod_sys:102: 数据库初始化完成
2026-07-22 14:27:45,079 [WARNING] prod_sys:16: 登录失败：用户 admin 密码错误
2026-07-22 14:27:45,080 [INFO] prod_sys:28: 数据库已关闭
2026-07-22 14:27:45,082 [INFO] prod_sys:20: 数据库已连接: C:\Users\Administrator\Documents\Recording\data.db
2026-07-22 14:27:45,082 [INFO] prod_sys:102: 数据库初始化完成
2026-07-22 14:27:45,083 [WARNING] prod_sys:13: 登录失败：用户 nonexistent 不存在
2026-07-22 14:27:45,083 [INFO] prod_sys:28: 数据库已关闭
2026-07-22 14:27:45,085 [INFO] prod_sys:20: 数据库已连接: C:\Users\Administrator\Documents\Recording\data.db
2026-07-22 14:27:45,085 [INFO] prod_sys:102: 数据库初始化完成
2026-07-22 14:27:45,086 [WARNING] prod_sys:13: 登录失败：用户  不存在
2026-07-22 14:27:45,087 [INFO] prod_sys:28: 数据库已关闭
2026-07-22 14:27:45,089 [INFO] prod_sys:20: 数据库已连接: C:\Users\Administrator\Documents\Recording\data.db
2026-07-22 14:27:45,089 [INFO] prod_sys:102: 数据库初始化完成
2026-07-22 14:27:45,106 [WARNING] prod_sys:16: 登录失败：用户 admin 密码错误
2026-07-22 14:27:45,108 [INFO] prod_sys:28: 数据库已关闭
2026-07-22 14:27:45,110 [INFO] prod_sys:20: 数据库已连接: C:\Users\Administrator\Documents\Recording\data.db
2026-07-22 14:27:45,110 [INFO] prod_sys:102: 数据库初始化完成
2026-07-22 14:27:45,148 [INFO] prod_sys:51: 用户 admin 密码已修改
2026-07-22 14:27:45,148 [INFO] prod_sys:32: 用户 admin 密码已修改
2026-07-22 14:27:45,165 [INFO] prod_sys:18: 用户 admin 登录成功
2026-07-22 14:27:45,182 [WARNING] prod_sys:16: 登录失败：用户 admin 密码错误
2026-07-22 14:27:45,218 [INFO] prod_sys:51: 用户 admin 密码已修改
2026-07-22 14:27:45,218 [INFO] prod_sys:32: 用户 admin 密码已修改
2026-07-22 14:27:45,221 [INFO] prod_sys:28: 数据库已关闭
2026-07-22 14:27:45,224 [INFO] prod_sys:20: 数据库已连接: C:\Users\Administrator\Documents\Recording\data.db
2026-07-22 14:27:45,224 [INFO] prod_sys:102: 数据库初始化完成
2026-07-22 14:27:45,242 [INFO] prod_sys:28: 数据库已关闭
2026-07-22 14:27:45,244 [INFO] prod_sys:20: 数据库已连接: C:\Users\Administrator\Documents\Recording\data.db
2026-07-22 14:27:45,244 [INFO] prod_sys:102: 数据库初始化完成
2026-07-22 14:27:45,263 [INFO] prod_sys:28: 数据库已关闭
2026-07-22 14:27:45,264 [INFO] prod_sys:20: 数据库已连接: C:\Users\Administrator\Documents\Recording\data.db
2026-07-22 14:27:45,265 [INFO] prod_sys:102: 数据库初始化完成
2026-07-22 14:27:45,266 [INFO] prod_sys:28: 数据库已关闭
2026-07-22 14:27:45,268 [INFO] prod_sys:20: 数据库已连接: C:\Users\Administrator\Documents\Recording\data.db
2026-07-22 14:27:45,268 [INFO] prod_sys:102: 数据库初始化完成
2026-07-22 14:27:45,269 [INFO] prod_sys:28: 数据库已关闭
2026-07-22 14:27:45,271 [INFO] prod_sys:20: 数据库已连接: C:\Users\Administrator\Documents\Recording\data.db
2026-07-22 14:27:45,271 [INFO] prod_sys:102: 数据库初始化完成
2026-07-22 14:27:45,289 [INFO] prod_sys:18: 用户 admin 登录成功
2026-07-22 14:27:45,290 [INFO] prod_sys:28: 数据库已关闭
2026-07-22 14:27:45,292 [INFO] prod_sys:20: 数据库已连接: C:\Users\Administrator\Documents\Recording\data.db
2026-07-22 14:27:45,292 [INFO] prod_sys:102: 数据库初始化完成
2026-07-22 14:27:45,293 [INFO] prod_sys:28: 数据库已关闭
2026-07-22 14:27:45,295 [INFO] prod_sys:20: 数据库已连接: C:\Users\Administrator\Documents\Recording\data.db
2026-07-22 14:27:45,295 [INFO] prod_sys:102: 数据库初始化完成
2026-07-22 14:27:45,297 [INFO] prod_sys:28: 数据库已关闭
2026-07-22 14:27:45,299 [INFO] prod_sys:20: 数据库已连接: C:\Users\Administrator\Documents\Recording\data.db
2026-07-22 14:27:45,299 [INFO] prod_sys:102: 数据库初始化完成
2026-07-22 14:27:45,300 [INFO] prod_sys:28: 数据库已关闭
2026-07-22 14:27:45,303 [INFO] prod_sys:20: 数据库已连接: C:\Users\Administrator\Documents\Recording\data.db
2026-07-22 14:27:45,303 [INFO] prod_sys:102: 数据库初始化完成
2026-07-22 14:27:45,304 [INFO] prod_sys:28: 数据库已关闭
2026-07-22 14:27:45,306 [INFO] prod_sys:20: 数据库已连接: C:\Users\Administrator\Documents\Recording\data.db
2026-07-22 14:27:45,306 [INFO] prod_sys:102: 数据库初始化完成
2026-07-22 14:27:45,307 [INFO] prod_sys:28: 数据库已关闭
2026-07-22 14:27:45,310 [INFO] prod_sys:20: 数据库已连接: C:\Users\Administrator\Documents\Recording\data.db
2026-07-22 14:27:45,310 [INFO] prod_sys:102: 数据库初始化完成
2026-07-22 14:27:45,311 [INFO] prod_sys:28: 数据库已关闭
2026-07-22 14:27:45,313 [INFO] prod_sys:20: 数据库已连接: C:\Users\Administrator\Documents\Recording\data.db
2026-07-22 14:27:45,313 [INFO] prod_sys:102: 数据库初始化完成
2026-07-22 14:27:45,314 [INFO] prod_sys:28: 数据库已关闭
2026-07-22 14:27:45,317 [INFO] prod_sys:20: 数据库已连接: C:\Users\Administrator\Documents\Recording\data.db
2026-07-22 14:27:45,317 [INFO] prod_sys:102: 数据库初始化完成
2026-07-22 14:27:45,318 [INFO] prod_sys:28: 数据库已关闭
2026-07-22 14:28:04,135 [INFO] prod_sys:20: 数据库已连接: C:\Users\Administrator\Documents\Recording\data.db
2026-07-22 14:28:04,135 [INFO] prod_sys:102: 数据库初始化完成
2026-07-22 14:28:04,153 [INFO] prod_sys:18: 用户 admin 登录成功
2026-07-22 14:28:04,154 [INFO] prod_sys:28: 数据库已关闭
2026-07-22 14:28:04,156 [INFO] prod_sys:20: 数据库已连接: C:\Users\Administrator\Documents\Recording\data.db
2026-07-22 14:28:04,157 [INFO] prod_sys:102: 数据库初始化完成
2026-07-22 14:28:04,174 [WARNING] prod_sys:16: 登录失败：用户 admin 密码错误
2026-07-22 14:28:04,175 [INFO] prod_sys:28: 数据库已关闭
2026-07-22 14:28:04,177 [INFO] prod_sys:20: 数据库已连接: C:\Users\Administrator\Documents\Recording\data.db
2026-07-22 14:28:04,177 [INFO] prod_sys:102: 数据库初始化完成
2026-07-22 14:28:04,178 [WARNING] prod_sys:13: 登录失败：用户 nonexistent 不存在
2026-07-22 14:28:04,178 [INFO] prod_sys:28: 数据库已关闭
2026-07-22 14:28:04,181 [INFO] prod_sys:20: 数据库已连接: C:\Users\Administrator\Documents\Recording\data.db
2026-07-22 14:28:04,181 [INFO] prod_sys:102: 数据库初始化完成
2026-07-22 14:28:04,181 [WARNING] prod_sys:13: 登录失败：用户  不存在
2026-07-22 14:28:04,182 [INFO] prod_sys:28: 数据库已关闭
2026-07-22 14:28:04,184 [INFO] prod_sys:20: 数据库已连接: C:\Users\Administrator\Documents\Recording\data.db
2026-07-22 14:28:04,184 [INFO] prod_sys:102: 数据库初始化完成
2026-07-22 14:28:04,201 [WARNING] prod_sys:16: 登录失败：用户 admin 密码错误
2026-07-22 14:28:04,202 [INFO] prod_sys:28: 数据库已关闭
2026-07-22 14:28:04,205 [INFO] prod_sys:20: 数据库已连接: C:\Users\Administrator\Documents\Recording\data.db
2026-07-22 14:28:04,205 [INFO] prod_sys:102: 数据库初始化完成
2026-07-22 14:28:04,242 [INFO] prod_sys:51: 用户 admin 密码已修改
2026-07-22 14:28:04,242 [INFO] prod_sys:32: 用户 admin 密码已修改
2026-07-22 14:28:04,260 [INFO] prod_sys:18: 用户 admin 登录成功
2026-07-22 14:28:04,277 [WARNING] prod_sys:16: 登录失败：用户 admin 密码错误
2026-07-22 14:28:04,312 [INFO] prod_sys:51: 用户 admin 密码已修改
2026-07-22 14:28:04,312 [INFO] prod_sys:32: 用户 admin 密码已修改
2026-07-22 14:28:04,314 [INFO] prod_sys:28: 数据库已关闭
2026-07-22 14:28:04,317 [INFO] prod_sys:20: 数据库已连接: C:\Users\Administrator\Documents\Recording\data.db
2026-07-22 14:28:04,318 [INFO] prod_sys:102: 数据库初始化完成
2026-07-22 14:28:04,336 [INFO] prod_sys:28: 数据库已关闭
2026-07-22 14:28:04,340 [INFO] prod_sys:20: 数据库已连接: C:\Users\Administrator\Documents\Recording\data.db
2026-07-22 14:28:04,340 [INFO] prod_sys:102: 数据库初始化完成
2026-07-22 14:28:04,359 [INFO] prod_sys:28: 数据库已关闭
2026-07-22 14:28:04,361 [INFO] prod_sys:20: 数据库已连接: C:\Users\Administrator\Documents\Recording\data.db
2026-07-22 14:28:04,361 [INFO] prod_sys:102: 数据库初始化完成
2026-07-22 14:28:04,362 [INFO] prod_sys:28: 数据库已关闭
2026-07-22 14:28:04,364 [INFO] prod_sys:20: 数据库已连接: C:\Users\Administrator\Documents\Recording\data.db
2026-07-22 14:28:04,365 [INFO] prod_sys:102: 数据库初始化完成
2026-07-22 14:28:04,366 [INFO] prod_sys:28: 数据库已关闭
2026-07-22 14:28:04,368 [INFO] prod_sys:20: 数据库已连接: C:\Users\Administrator\Documents\Recording\data.db
2026-07-22 14:28:04,368 [INFO] prod_sys:102: 数据库初始化完成
2026-07-22 14:28:04,385 [INFO] prod_sys:18: 用户 admin 登录成功
2026-07-22 14:28:04,386 [INFO] prod_sys:28: 数据库已关闭
2026-07-22 14:28:04,389 [INFO] prod_sys:20: 数据库已连接: C:\Users\Administrator\Documents\Recording\data.db
2026-07-22 14:28:04,389 [INFO] prod_sys:102: 数据库初始化完成
2026-07-22 14:28:04,390 [INFO] prod_sys:28: 数据库已关闭
2026-07-22 14:28:04,393 [INFO] prod_sys:20: 数据库已连接: C:\Users\Administrator\Documents\Recording\data.db
2026-07-22 14:28:04,393 [INFO] prod_sys:102: 数据库初始化完成
2026-07-22 14:28:04,394 [INFO] prod_sys:28: 数据库已关闭
2026-07-22 14:28:04,397 [INFO] prod_sys:20: 数据库已连接: C:\Users\Administrator\Documents\Recording\data.db
2026-07-22 14:28:04,397 [INFO] prod_sys:102: 数据库初始化完成
2026-07-22 14:28:04,398 [INFO] prod_sys:28: 数据库已关闭
2026-07-22 14:28:04,400 [INFO] prod_sys:20: 数据库已连接: C:\Users\Administrator\Documents\Recording\data.db
2026-07-22 14:28:04,401 [INFO] prod_sys:102: 数据库初始化完成
2026-07-22 14:28:04,402 [INFO] prod_sys:28: 数据库已关闭
2026-07-22 14:28:04,404 [INFO] prod_sys:20: 数据库已连接: C:\Users\Administrator\Documents\Recording\data.db
2026-07-22 14:28:04,404 [INFO] prod_sys:102: 数据库初始化完成
2026-07-22 14:28:04,405 [INFO] prod_sys:28: 数据库已关闭
2026-07-22 14:28:04,408 [INFO] prod_sys:20: 数据库已连接: C:\Users\Administrator\Documents\Recording\data.db
2026-07-22 14:28:04,408 [INFO] prod_sys:102: 数据库初始化完成
2026-07-22 14:28:04,409 [INFO] prod_sys:28: 数据库已关闭
2026-07-22 14:28:04,411 [INFO] prod_sys:20: 数据库已连接: C:\Users\Administrator\Documents\Recording\data.db
2026-07-22 14:28:04,412 [INFO] prod_sys:102: 数据库初始化完成
2026-07-22 14:28:04,413 [INFO] prod_sys:28: 数据库已关闭
2026-07-22 14:28:04,416 [INFO] prod_sys:20: 数据库已连接: C:\Users\Administrator\Documents\Recording\data.db
2026-07-22 14:28:04,417 [INFO] prod_sys:102: 数据库初始化完成
2026-07-22 14:28:04,418 [INFO] prod_sys:28: 数据库已关闭
2026-07-22 14:31:24,159 [INFO] prod_sys:20: 数据库已连接: C:\Users\Administrator\Documents\Recording\data.db
2026-07-22 14:31:24,159 [INFO] prod_sys:102: 数据库初始化完成
2026-07-22 14:31:27,439 [INFO] prod_sys:18: 用户 admin 登录成功
2026-07-22 14:35:52,905 [INFO] prod_sys:20: 数据库已连接: C:\Users\Administrator\Documents\Recording\data.db
2026-07-22 14:35:52,906 [INFO] prod_sys:102: 数据库初始化完成
2026-07-22 14:39:58,194 [INFO] prod_sys:20: 数据库已连接: C:\Users\Administrator\Documents\Recording\data.db
2026-07-22 14:39:58,195 [INFO] prod_sys:102: 数据库初始化完成
2026-07-22 14:39:58,216 [INFO] prod_sys:18: 用户 admin 登录成功
2026-07-22 14:39:58,218 [INFO] prod_sys:28: 数据库已关闭
2026-07-22 14:39:58,221 [INFO] prod_sys:20: 数据库已连接: C:\Users\Administrator\Documents\Recording\data.db
2026-07-22 14:39:58,222 [INFO] prod_sys:102: 数据库初始化完成
2026-07-22 14:39:58,241 [WARNING] prod_sys:16: 登录失败：用户 admin 密码错误
2026-07-22 14:39:58,242 [INFO] prod_sys:28: 数据库已关闭
2026-07-22 14:39:58,246 [INFO] prod_sys:20: 数据库已连接: C:\Users\Administrator\Documents\Recording\data.db
2026-07-22 14:39:58,247 [INFO] prod_sys:102: 数据库初始化完成
2026-07-22 14:39:58,248 [WARNING] prod_sys:13: 登录失败：用户 nonexistent 不存在
2026-07-22 14:39:58,248 [INFO] prod_sys:28: 数据库已关闭
2026-07-22 14:39:58,252 [INFO] prod_sys:20: 数据库已连接: C:\Users\Administrator\Documents\Recording\data.db
2026-07-22 14:39:58,253 [INFO] prod_sys:102: 数据库初始化完成
2026-07-22 14:39:58,253 [WARNING] prod_sys:13: 登录失败：用户  不存在
2026-07-22 14:39:58,254 [INFO] prod_sys:28: 数据库已关闭
2026-07-22 14:39:58,258 [INFO] prod_sys:20: 数据库已连接: C:\Users\Administrator\Documents\Recording\data.db
2026-07-22 14:39:58,259 [INFO] prod_sys:102: 数据库初始化完成
2026-07-22 14:39:58,279 [WARNING] prod_sys:16: 登录失败：用户 admin 密码错误
2026-07-22 14:39:58,280 [INFO] prod_sys:28: 数据库已关闭
2026-07-22 14:39:58,283 [INFO] prod_sys:20: 数据库已连接: C:\Users\Administrator\Documents\Recording\data.db
2026-07-22 14:39:58,283 [INFO] prod_sys:102: 数据库初始化完成
2026-07-22 14:39:58,326 [INFO] prod_sys:51: 用户 admin 密码已修改
2026-07-22 14:39:58,326 [INFO] prod_sys:32: 用户 admin 密码已修改
2026-07-22 14:39:58,343 [INFO] prod_sys:18: 用户 admin 登录成功
2026-07-22 14:39:58,364 [WARNING] prod_sys:16: 登录失败：用户 admin 密码错误
2026-07-22 14:39:58,406 [INFO] prod_sys:51: 用户 admin 密码已修改
2026-07-22 14:39:58,407 [INFO] prod_sys:32: 用户 admin 密码已修改
2026-07-22 14:39:58,409 [INFO] prod_sys:28: 数据库已关闭
2026-07-22 14:39:58,414 [INFO] prod_sys:20: 数据库已连接: C:\Users\Administrator\Documents\Recording\data.db
2026-07-22 14:39:58,414 [INFO] prod_sys:102: 数据库初始化完成
2026-07-22 14:39:58,435 [INFO] prod_sys:28: 数据库已关闭
2026-07-22 14:39:58,439 [INFO] prod_sys:20: 数据库已连接: C:\Users\Administrator\Documents\Recording\data.db
2026-07-22 14:39:58,439 [INFO] prod_sys:102: 数据库初始化完成
2026-07-22 14:39:58,462 [INFO] prod_sys:28: 数据库已关闭
2026-07-22 14:39:58,465 [INFO] prod_sys:20: 数据库已连接: C:\Users\Administrator\Documents\Recording\data.db
2026-07-22 14:39:58,466 [INFO] prod_sys:102: 数据库初始化完成
2026-07-22 14:39:58,468 [INFO] prod_sys:28: 数据库已关闭
2026-07-22 14:39:58,470 [INFO] prod_sys:20: 数据库已连接: C:\Users\Administrator\Documents\Recording\data.db
2026-07-22 14:39:58,471 [INFO] prod_sys:102: 数据库初始化完成
2026-07-22 14:39:58,473 [INFO] prod_sys:28: 数据库已关闭
2026-07-22 14:39:58,476 [INFO] prod_sys:20: 数据库已连接: C:\Users\Administrator\Documents\Recording\data.db
2026-07-22 14:39:58,476 [INFO] prod_sys:102: 数据库初始化完成
2026-07-22 14:39:58,495 [INFO] prod_sys:18: 用户 admin 登录成功
2026-07-22 14:39:58,497 [INFO] prod_sys:28: 数据库已关闭
2026-07-22 14:39:58,501 [INFO] prod_sys:20: 数据库已连接: C:\Users\Administrator\Documents\Recording\data.db
2026-07-22 14:39:58,501 [INFO] prod_sys:102: 数据库初始化完成
2026-07-22 14:39:58,503 [INFO] prod_sys:28: 数据库已关闭
2026-07-22 14:39:58,507 [INFO] prod_sys:20: 数据库已连接: C:\Users\Administrator\Documents\Recording\data.db
2026-07-22 14:39:58,508 [INFO] prod_sys:102: 数据库初始化完成
2026-07-22 14:39:58,510 [INFO] prod_sys:28: 数据库已关闭
2026-07-22 14:39:58,514 [INFO] prod_sys:20: 数据库已连接: C:\Users\Administrator\Documents\Recording\data.db
2026-07-22 14:39:58,515 [INFO] prod_sys:102: 数据库初始化完成
2026-07-22 14:39:58,518 [INFO] prod_sys:28: 数据库已关闭
2026-07-22 14:39:58,522 [INFO] prod_sys:20: 数据库已连接: C:\Users\Administrator\Documents\Recording\data.db
2026-07-22 14:39:58,523 [INFO] prod_sys:102: 数据库初始化完成
2026-07-22 14:39:58,525 [INFO] prod_sys:28: 数据库已关闭
2026-07-22 14:39:58,529 [INFO] prod_sys:20: 数据库已连接: C:\Users\Administrator\Documents\Recording\data.db
2026-07-22 14:39:58,529 [INFO] prod_sys:102: 数据库初始化完成
2026-07-22 14:39:58,531 [INFO] prod_sys:28: 数据库已关闭
2026-07-22 14:39:58,535 [INFO] prod_sys:20: 数据库已连接: C:\Users\Administrator\Documents\Recording\data.db
2026-07-22 14:39:58,535 [INFO] prod_sys:102: 数据库初始化完成
2026-07-22 14:39:58,538 [INFO] prod_sys:28: 数据库已关闭
2026-07-22 14:39:58,542 [INFO] prod_sys:20: 数据库已连接: C:\Users\Administrator\Documents\Recording\data.db
2026-07-22 14:39:58,542 [INFO] prod_sys:102: 数据库初始化完成
2026-07-22 14:39:58,544 [INFO] prod_sys:28: 数据库已关闭
2026-07-22 14:39:58,548 [INFO] prod_sys:20: 数据库已连接: C:\Users\Administrator\Documents\Recording\data.db
2026-07-22 14:39:58,548 [INFO] prod_sys:102: 数据库初始化完成
2026-07-22 14:39:58,551 [INFO] prod_sys:28: 数据库已关闭
